<!DOCTYPE html PUBLIC "-//W3C//DTD XHTML 1.1//EN" "http://www.w3.org/TR/xhtml11/DTD/xhtml11.dtd">
<html xmlns="http://www.w3.org/1999/xhtml">
<head>
<meta http-equiv="content-type" content="text/html; charset=UTF-8"/>
<title>TestNG Report</title>
<style type="text/css">table {margin-bottom:10px;border-collapse:collapse;empty-cells:show}th,td {border:1px solid #009;padding:.25em .5em}th {vertical-align:bottom}td {vertical-align:top}table a {font-weight:bold}.stripe td {background-color: #E6EBF9}.num {text-align:right}.passedodd td {background-color: #3F3}.passedeven td {background-color: #0A0}.skippedodd td {background-color: #DDD}.skippedeven td {background-color: #CCC}.failedodd td,.attn {background-color: #F33}.failedeven td,.stripe .attn {background-color: #D00}.stacktrace {white-space:pre;font-family:monospace}.totop {font-size:85%;text-align:center;border-bottom:2px solid #000}.invisible {display:none}</style>
</head>
<body>
<table>
<tr><th>Test</th><th># Passed</th><th># Skipped</th><th># Failed</th><th>Time (ms)</th><th>Included Groups</th><th>Excluded Groups</th></tr>
<tr><th colspan="7">Data Driven Test</th></tr>
<tr><td><a href="#t0">Sanity Test</a></td><td class="num">1</td><td class="num attn">6</td><td class="num attn">2</td><td class="num">95,432</td><td></td><td></td></tr>
</table>
<table id='summary'><thead><tr><th>Class</th><th>Method</th><th>Start</th><th>Time (ms)</th></tr></thead><tbody><tr><th colspan="4">Data Driven Test</th></tr></tbody><tbody id="t0"><tr><th colspan="4">Sanity Test &#8212; failed</th></tr><tr class="failedeven"><td rowspan="2">testcases.V2E_Tests</td><td><a href="#m0">sampleTest</a></td><td rowspan="2">1663860260935</td><td rowspan="2">28307</td></tr><tr class="failedeven"><td><a href="#m1">sampleTest</a></td></tr><tr><th colspan="4">Sanity Test &#8212; skipped</th></tr><tr class="skippedeven"><td rowspan="6">testcases.SanityTest</td><td><a href="#m2">sanityTest</a></td><td rowspan="6">1663860231576</td><td rowspan="6">2014</td></tr><tr class="skippedeven"><td><a href="#m3">sanityTest</a></td></tr><tr class="skippedeven"><td><a href="#m4">sanityTest</a></td></tr><tr class="skippedeven"><td><a href="#m5">sanityTest</a></td></tr><tr class="skippedeven"><td><a href="#m6">sanityTest</a></td></tr><tr class="skippedeven"><td><a href="#m7">sanityTest</a></td></tr><tr><th colspan="4">Sanity Test &#8212; passed</th></tr><tr class="passedeven"><td rowspan="1">testcases.SanityTest</td><td><a href="#m8">sanityTest</a></td><td rowspan="1">1663860194735</td><td rowspan="1">34003</td></tr></tbody>
</table>
<h2>Sanity Test</h2><h3 id="m0">testcases.V2E_Tests#sampleTest</h3><table class="result"><tr class="param"><th>Parameter #1</th><th>Parameter #2</th></tr><tr class="param stripe"><td>https://www.gmail.com</td><td>chrome</td></tr><tr><th colspan="2">Messages</th></tr><tr><td colspan="2"><div class="messages"><a href=Thu_Sep_22_20_54_49_IST_2022.jpg target="_blank">Screenshot link</a><br/><br><br/><a href=Thu_Sep_22_20_54_49_IST_2022.jpg target="_blank"><img src=Thu_Sep_22_20_54_49_IST_2022.jpg height=200 width=200></a></div></td></tr><tr><th colspan="2">Exception</th></tr><tr><td colspan="2"><div class="stacktrace">org.openqa.selenium.NoSuchElementException: no such element: Unable to locate element: {&quot;method&quot;:&quot;xpath&quot;,&quot;selector&quot;:&quot;/html/body/div[1]/div[3]/form/div[1]/div[1]/div[3]/center/input[1]&quot;}
  (Session info: chrome=104.0.5112.102)
For documentation on this error, please visit: https://www.seleniumhq.org/exceptions/no_such_element.html
Build info: version: &apos;3.141.59&apos;, revision: &apos;e82be7d358&apos;, time: &apos;2018-11-14T08:17:03&apos;
System info: host: &apos;ISIPL-PUNV-L384&apos;, ip: &apos;192.168.0.103&apos;, os.name: &apos;Windows 10&apos;, os.arch: &apos;amd64&apos;, os.version: &apos;10.0&apos;, java.version: &apos;1.8.0_202&apos;
Driver info: org.openqa.selenium.chrome.ChromeDriver
Capabilities {acceptInsecureCerts: false, browserName: chrome, browserVersion: 104.0.5112.102, chrome: {chromedriverVersion: 104.0.5112.79 (3cf3e8c8a07d..., userDataDir: C:\Users\VIKRAM~1\AppData\L...}, goog:chromeOptions: {debuggerAddress: localhost:56080}, javascriptEnabled: true, networkConnectionEnabled: false, pageLoadStrategy: normal, platform: WINDOWS, platformName: WINDOWS, proxy: Proxy(), setWindowRect: true, strictFileInteractability: false, timeouts: {implicit: 0, pageLoad: 300000, script: 30000}, unhandledPromptBehavior: dismiss and notify, webauthn:extension:credBlob: true, webauthn:extension:largeBlob: true, webauthn:virtualAuthenticators: true}
Session ID: 3316323b06f7e3a8cd01181e1d7e5355
*** Element info: {Using=xpath, value=/html/body/div[1]/div[3]/form/div[1]/div[1]/div[3]/center/input[1]}
	at org.openqa.selenium.remote.http.W3CHttpResponseCodec.createException(W3CHttpResponseCodec.java:187)
	at org.openqa.selenium.remote.http.W3CHttpResponseCodec.decode(W3CHttpResponseCodec.java:122)
	at org.openqa.selenium.remote.http.W3CHttpResponseCodec.decode(W3CHttpResponseCodec.java:49)
	at org.openqa.selenium.remote.HttpCommandExecutor.execute(HttpCommandExecutor.java:158)
	at org.openqa.selenium.remote.service.DriverCommandExecutor.execute(DriverCommandExecutor.java:83)
	at org.openqa.selenium.remote.RemoteWebDriver.execute(RemoteWebDriver.java:552)
	at org.openqa.selenium.remote.RemoteWebDriver.findElement(RemoteWebDriver.java:323)
	at org.openqa.selenium.remote.RemoteWebDriver.findElementByXPath(RemoteWebDriver.java:428)
	at org.openqa.selenium.By$ByXPath.findElement(By.java:353)
	at org.openqa.selenium.remote.RemoteWebDriver.findElement(RemoteWebDriver.java:315)
	at org.openqa.selenium.support.pagefactory.DefaultElementLocator.findElement(DefaultElementLocator.java:69)
	at org.openqa.selenium.support.pagefactory.internal.LocatingElementHandler.invoke(LocatingElementHandler.java:38)
	at com.sun.proxy.$Proxy15.click(Unknown Source)
	at pages.UK.UK_PrivacyGuard.ClickGooglebtn(UK_PrivacyGuard.java:54)
	at testcases.V2E_Tests.sampleTest(V2E_Tests.java:19)
... Removed 29 stack frames</div></td></tr></table><p class="totop"><a href="#summary">back to summary</a></p>
<h3 id="m1">testcases.V2E_Tests#sampleTest</h3><table class="result"><tr class="param"><th>Parameter #1</th><th>Parameter #2</th></tr><tr class="param stripe"><td>https://www.google.com</td><td>chrome</td></tr><tr><th colspan="2">Messages</th></tr><tr><td colspan="2"><div class="messages"><a href=Thu_Sep_22_20_54_19_IST_2022.jpg target="_blank">Screenshot link</a><br/><br><br/><a href=Thu_Sep_22_20_54_19_IST_2022.jpg target="_blank"><img src=Thu_Sep_22_20_54_19_IST_2022.jpg height=200 width=200></a></div></td></tr><tr><th colspan="2">Exception</th></tr><tr><td colspan="2"><div class="stacktrace">java.lang.AssertionError: expected [0] but found [1]
	at testcases.V2E_Tests.sampleTest(V2E_Tests.java:20)
... Removed 31 stack frames</div></td></tr></table><p class="totop"><a href="#summary">back to summary</a></p>
<h3 id="m2">testcases.SanityTest#sanityTest</h3><table class="result"><tr class="param"><th>Parameter #1</th><th>Parameter #2</th><th>Parameter #3</th><th>Parameter #4</th><th>Parameter #5</th><th>Parameter #6</th></tr><tr class="param stripe"><td>Manage my credit</td><td>https://pguk-hx.ie1.qa2b.affiniongroup.com/?ref=UKAIHOMEPG0026</td><td>chrome</td><td>testdata@gmail.com</td><td>Password1</td><td>N</td></tr><tr><th colspan="6">Exception</th></tr><tr><td colspan="6"><div class="stacktrace">org.testng.SkipException: Skipping the test as the run mode is NO
	at base.BaseTest.checkRunmode(BaseTest.java:105)
	at testcases.SanityTest.sanityTest(SanityTest.java:76)
... Removed 25 stack frames</div></td></tr></table><p class="totop"><a href="#summary">back to summary</a></p>
<h3 id="m3">testcases.SanityTest#sanityTest</h3><table class="result"><tr class="param"><th>Parameter #1</th><th>Parameter #2</th><th>Parameter #3</th><th>Parameter #4</th><th>Parameter #5</th><th>Parameter #6</th></tr><tr class="param stripe"><td>Identity Secure</td><td>https:///pguk-hx.ie1.qa2b.affiniongroup.com/?ref=UKLZ1STDFLT0002</td><td>chrome</td><td>diptipatel1608@gmail.com</td><td>Password1</td><td>N</td></tr><tr><th colspan="6">Exception</th></tr><tr><td colspan="6"><div class="stacktrace">org.testng.SkipException: Skipping the test as the run mode is NO
	at base.BaseTest.checkRunmode(BaseTest.java:105)
	at testcases.SanityTest.sanityTest(SanityTest.java:89)
... Removed 25 stack frames</div></td></tr></table><p class="totop"><a href="#summary">back to summary</a></p>
<h3 id="m4">testcases.SanityTest#sanityTest</h3><table class="result"><tr class="param"><th>Parameter #1</th><th>Parameter #2</th><th>Parameter #3</th><th>Parameter #4</th><th>Parameter #5</th><th>Parameter #6</th></tr><tr class="param stripe"><td>Privacy Guard UK</td><td>https://pguk-hx.ie1.qa2b.affiniongroup.com/?source=jC7IAYwrzsRyfyw34Q8u6w==</td><td>chrome</td><td>dipti100</td><td>Password1</td><td>N</td></tr><tr><th colspan="6">Exception</th></tr><tr><td colspan="6"><div class="stacktrace">org.testng.SkipException: Skipping the test as the run mode is NO
	at base.BaseTest.checkRunmode(BaseTest.java:105)
	at testcases.SanityTest.sanityTest(SanityTest.java:63)
... Removed 25 stack frames</div></td></tr></table><p class="totop"><a href="#summary">back to summary</a></p>
<h3 id="m5">testcases.SanityTest#sanityTest</h3><table class="result"><tr class="param"><th>Parameter #1</th><th>Parameter #2</th><th>Parameter #3</th><th>Parameter #4</th><th>Parameter #5</th><th>Parameter #6</th></tr><tr class="param stripe"><td>American Express Identity Defence</td><td>https://pguk-hx.ie1.qa2b.affiniongroup.com/?ref=UKAMXSTDFLT0001</td><td>chrome</td><td>MRY@gmail.com</td><td>Password1</td><td>N</td></tr><tr><th colspan="6">Exception</th></tr><tr><td colspan="6"><div class="stacktrace">org.testng.SkipException: Skipping the test as the run mode is NO
	at base.BaseTest.checkRunmode(BaseTest.java:105)
	at testcases.SanityTest.sanityTest(SanityTest.java:128)
... Removed 25 stack frames</div></td></tr></table><p class="totop"><a href="#summary">back to summary</a></p>
<h3 id="m6">testcases.SanityTest#sanityTest</h3><table class="result"><tr class="param"><th>Parameter #1</th><th>Parameter #2</th><th>Parameter #3</th><th>Parameter #4</th><th>Parameter #5</th><th>Parameter #6</th></tr><tr class="param stripe"><td>(Vanquis) Credit Tracker Identiy</td><td>https://pguk-hx.ie1.qa2b.affiniongroup.com/?source=OnSaHXM7BvXQ6mD37Zu3yQ==</td><td>chrome</td><td>ssltest@gmail.com</td><td>Password1</td><td>N</td></tr><tr><th colspan="6">Exception</th></tr><tr><td colspan="6"><div class="stacktrace">org.testng.SkipException: Skipping the test as the run mode is NO
	at base.BaseTest.checkRunmode(BaseTest.java:105)
	at testcases.SanityTest.sanityTest(SanityTest.java:102)
... Removed 25 stack frames</div></td></tr></table><p class="totop"><a href="#summary">back to summary</a></p>
<h3 id="m7">testcases.SanityTest#sanityTest</h3><table class="result"><tr class="param"><th>Parameter #1</th><th>Parameter #2</th><th>Parameter #3</th><th>Parameter #4</th><th>Parameter #5</th><th>Parameter #6</th></tr><tr class="param stripe"><td>My Credit Tracker</td><td>https://pguk-hx.ie1.qa2b.affiniongroup.com/?ref=UKGENSTDFLT0002</td><td>chrome</td><td>jennystork@gmail.com</td><td>Password1</td><td>N</td></tr><tr><th colspan="6">Exception</th></tr><tr><td colspan="6"><div class="stacktrace">org.testng.SkipException: Skipping the test as the run mode is NO
	at base.BaseTest.checkRunmode(BaseTest.java:105)
	at testcases.SanityTest.sanityTest(SanityTest.java:115)
... Removed 25 stack frames</div></td></tr></table><p class="totop"><a href="#summary">back to summary</a></p>
<h3 id="m8">testcases.SanityTest#sanityTest</h3><table class="result"><tr class="param"><th>Parameter #1</th><th>Parameter #2</th><th>Parameter #3</th><th>Parameter #4</th><th>Parameter #5</th><th>Parameter #6</th></tr><tr class="param stripe"><td>My Credit Monitor</td><td>https://pguk-hx.ie1.qa2b.affiniongroup.com/?source=rqkQ2GTcaKt64j+2BMdssg</td><td>chrome</td><td>dpatel@tavisca.com</td><td>Password1</td><td>y</td></tr></table><p class="totop"><a href="#summary">back to summary</a></p>
</body>
</html>
